<?xml version="1.0" encoding="UTF-8"?>
<testng-results skipped="0" failed="0" ignored="0" total="1" passed="1">
  <reporter-output>
  </reporter-output>
  <suite name="Default suite" duration-ms="26316" started-at="2018-11-28T14:12:01Z" finished-at="2018-11-28T14:12:27Z">
    <groups>
    </groups>
    <test name="Default test" duration-ms="26316" started-at="2018-11-28T14:12:01Z" finished-at="2018-11-28T14:12:27Z">
      <class name="com.openbrowser.OpenrowserTest">
        <test-method status="PASS" signature="openBrowser()[pri:0, instance:com.openbrowser.OpenrowserTest@c8afef]" name="openBrowser" duration-ms="26214" started-at="2018-11-28T14:12:01Z" finished-at="2018-11-28T14:12:27Z">
          <reporter-output>
          </reporter-output>
        </test-method> <!-- openBrowser -->
      </class> <!-- com.openbrowser.OpenrowserTest -->
    </test> <!-- Default test -->
  </suite> <!-- Default suite -->
</testng-results>
